<?xml version="1.0" encoding="UTF-8"?>
<testsuite name="TestSuite" time="0.224" tests="24" errors="0" skipped="0" failures="0">
  <properties>
    <property name="java.runtime.name" value="Java(TM) SE Runtime Environment"/>
    <property name="sun.boot.library.path" value="/usr/lib/jvm/java-8-oracle/jre/lib/amd64"/>
    <property name="java.vm.version" value="25.11-b03"/>
    <property name="java.vm.vendor" value="Oracle Corporation"/>
    <property name="java.vendor.url" value="http://java.oracle.com/"/>
    <property name="path.separator" value=":"/>
    <property name="guice.disable.misplaced.annotation.check" value="true"/>
    <property name="java.vm.name" value="Java HotSpot(TM) 64-Bit Server VM"/>
    <property name="file.encoding.pkg" value="sun.io"/>
    <property name="user.country" value="IN"/>
    <property name="sun.java.launcher" value="SUN_STANDARD"/>
    <property name="sun.os.patch.level" value="unknown"/>
    <property name="java.vm.specification.name" value="Java Virtual Machine Specification"/>
    <property name="user.dir" value="/home/kapil/omelet-main/omelet/omelet-core"/>
    <property name="java.runtime.version" value="1.8.0_11-b12"/>
    <property name="java.awt.graphicsenv" value="sun.awt.X11GraphicsEnvironment"/>
    <property name="java.endorsed.dirs" value="/usr/lib/jvm/java-8-oracle/jre/lib/endorsed"/>
    <property name="os.arch" value="amd64"/>
    <property name="java.io.tmpdir" value="/tmp"/>
    <property name="line.separator" value="&#10;"/>
    <property name="java.vm.specification.vendor" value="Oracle Corporation"/>
    <property name="os.name" value="Linux"/>
    <property name="classworlds.conf" value="/home/kapil/springer-sgw-workspace/.metadata/.plugins/org.eclipse.m2e.launching/launches/m2conf6519389963254034841.tmp"/>
    <property name="sun.jnu.encoding" value="UTF-8"/>
    <property name="java.library.path" value="/usr/java/packages/lib/amd64:/usr/lib64:/lib64:/lib:/usr/lib"/>
    <property name="java.specification.name" value="Java Platform API Specification"/>
    <property name="java.class.version" value="52.0"/>
    <property name="sun.management.compiler" value="HotSpot 64-Bit Tiered Compilers"/>
    <property name="os.version" value="3.11.0-12-generic"/>
    <property name="user.home" value="/home/kapil"/>
    <property name="user.timezone" value="Asia/Kolkata"/>
    <property name="java.awt.printerjob" value="sun.print.PSPrinterJob"/>
    <property name="file.encoding" value="UTF-8"/>
    <property name="java.specification.version" value="1.8"/>
    <property name="user.name" value="kapil"/>
    <property name="java.class.path" value="/home/kapil/Eclipse/eclipse/configuration/org.eclipse.osgi/bundles/266/1/.cp/jars/plexus-classworlds-2.4.jar"/>
    <property name="java.vm.specification.version" value="1.8"/>
    <property name="sun.arch.data.model" value="64"/>
    <property name="java.home" value="/usr/lib/jvm/java-8-oracle/jre"/>
    <property name="sun.java.command" value="org.codehaus.plexus.classworlds.launcher.Launcher -B -s /home/kapil/.m2/settings.xml install"/>
    <property name="java.specification.vendor" value="Oracle Corporation"/>
    <property name="user.language" value="en"/>
    <property name="awt.toolkit" value="sun.awt.X11.XToolkit"/>
    <property name="java.vm.info" value="mixed mode"/>
    <property name="java.version" value="1.8.0_11"/>
    <property name="java.ext.dirs" value="/usr/lib/jvm/java-8-oracle/jre/lib/ext:/usr/java/packages/lib/ext"/>
    <property name="securerandom.source" value="file:/dev/./urandom"/>
    <property name="sun.boot.class.path" value="/usr/lib/jvm/java-8-oracle/jre/lib/resources.jar:/usr/lib/jvm/java-8-oracle/jre/lib/rt.jar:/usr/lib/jvm/java-8-oracle/jre/lib/sunrsasign.jar:/usr/lib/jvm/java-8-oracle/jre/lib/jsse.jar:/usr/lib/jvm/java-8-oracle/jre/lib/jce.jar:/usr/lib/jvm/java-8-oracle/jre/lib/charsets.jar:/usr/lib/jvm/java-8-oracle/jre/lib/jfr.jar:/usr/lib/jvm/java-8-oracle/jre/classes"/>
    <property name="java.vendor" value="Oracle Corporation"/>
    <property name="maven.home" value="/home/kapil/omelet-main/omelet/omelet-core/EMBEDDED"/>
    <property name="file.separator" value="/"/>
    <property name="java.vendor.url.bug" value="http://bugreport.sun.com/bugreport/"/>
    <property name="maven.bootclasspath" value="/home/kapil/Eclipse/eclipse/configuration/org.eclipse.osgi/bundles/266/1/.cp/jars/plexus-classworlds-2.4.jar"/>
    <property name="sun.cpu.endian" value="little"/>
    <property name="sun.io.unicode.encoding" value="UnicodeLittle"/>
    <property name="sun.desktop" value="gnome"/>
    <property name="sun.cpu.isalist" value=""/>
  </properties>
  <testcase name="verifyIntegerListFromString" classname="omelet.test.libraries.UtilsTest" time="0.055"/>
  <testcase name="checkBrowserConfEquality_RemoteFlagOFF" classname="omelet.test.data.BrowserConfIsEqualTest" time="0.002"/>
  <testcase name="remoteFlagOn" classname="omelet.test.data.BrowserConfIsEqualTest" time="0"/>
  <testcase name="remoteFlagOn_2" classname="omelet.test.data.BrowserConfIsEqualTest" time="0.019"/>
  <testcase name="remoteFlagOn_3" classname="omelet.test.data.BrowserConfIsEqualTest" time="0.001"/>
  <testcase name="frameworkBlanAndCheckDefault" classname="omelet.test.data.RefinedBrowserConfTests" time="0.014"/>
  <testcase name="ifCommandLineAndOtherPresent" classname="omelet.test.data.RefinedBrowserConfTests" time="0.001"/>
  <testcase name="verifyCommandLineNotPresent" classname="omelet.test.data.RefinedBrowserConfTests" time="0.001"/>
  <testcase name="verifyFrameworkPropertiesValueSet" classname="omelet.test.data.RefinedBrowserConfTests" time="0.002"/>
  <testcase name="verifyIfClientEnvPresentAndCommandLineBlank" classname="omelet.test.data.RefinedBrowserConfTests" time="0.001"/>
  <testcase name="verifyIfClient_CommandLine_Blank" classname="omelet.test.data.RefinedBrowserConfTests" time="0"/>
  <testcase name="expectException_keyMissing_String" classname="omelet.test.data.PropertyMappingTest" time="0.001"/>
  <testcase name="expectException_keyMissing_enum" classname="omelet.test.data.PropertyMappingTest" time="0"/>
  <testcase name="hashMapConstructor" classname="omelet.test.data.PropertyMappingTest" time="0"/>
  <testcase name="multipleFilePathConstructor" classname="omelet.test.data.PropertyMappingTest" time="0.001"/>
  <testcase name="propConstuctor" classname="omelet.test.data.PropertyMappingTest" time="0.001"/>
  <testcase name="singleFilePathConstructor" classname="omelet.test.data.PropertyMappingTest" time="0"/>
  <testcase name="mutipleXml" classname="omelet.test.data.BrowserXmlParserTest" time="0.12"/>
  <testcase name="verifyBrowserConf_singleXml" classname="omelet.test.data.BrowserXmlParserTest" time="0.002"/>
  <testcase name="verifySingleXMLMultiBrowser" classname="omelet.test.data.BrowserXmlParserTest" time="0.003"/>
  <testcase name="verifyBrowserStackConfigDefaults" classname="omelet.test.data.BrowserConfigurationTest" time="0"/>
  <testcase name="verifyFrameworkConfigDefaults" classname="omelet.test.data.BrowserConfigurationTest" time="0"/>
  <testcase name="verifyHubConfigDefaults" classname="omelet.test.data.BrowserConfigurationTest" time="0"/>
  <testcase name="verifyLocalConfigDefaults" classname="omelet.test.data.BrowserConfigurationTest" time="0"/>
</testsuite>