<?xml version="1.0" encoding="UTF-8"?>
<!-- Generated by org.testng.reporters.JUnitReportReporter -->
<testsuite hostname="kapil-HP-ProBook-4440s" name="omelet.test.data.RefinedBrowserConfTests" tests="6" failures="0" timestamp="20 Jan 2015 12:01:41 GMT" time="0.018" errors="0">
  <testcase name="verifyIfClient_CommandLine_Blank" time="0.000" classname="omelet.test.data.RefinedBrowserConfTests"/>
  <testcase name="verifyCommandLineNotPresent" time="0.001" classname="omelet.test.data.RefinedBrowserConfTests"/>
  <testcase name="verifyIfClientEnvPresentAndCommandLineBlank" time="0.000" classname="omelet.test.data.RefinedBrowserConfTests"/>
  <testcase name="verifyFrameworkPropertiesValueSet" time="0.002" classname="omelet.test.data.RefinedBrowserConfTests"/>
  <testcase name="frameworkBlanAndCheckDefault" time="0.014" classname="omelet.test.data.RefinedBrowserConfTests"/>
  <testcase name="ifCommandLineAndOtherPresent" time="0.001" classname="omelet.test.data.RefinedBrowserConfTests"/>
</testsuite> <!-- omelet.test.data.RefinedBrowserConfTests -->
