<?xml version="1.0" encoding="UTF-8"?>
<!-- Generated by org.testng.reporters.JUnitReportReporter -->
<testsuite hostname="kapil-HP-ProBook-4440s" name="omelet.test.data.BrowserConfigurationTest" tests="4" failures="0" timestamp="20 Jan 2015 12:01:41 GMT" time="0.001" errors="0">
  <testcase name="verifyFrameworkConfigDefaults" time="0.000" classname="omelet.test.data.BrowserConfigurationTest"/>
  <testcase name="verifyHubConfigDefaults" time="0.000" classname="omelet.test.data.BrowserConfigurationTest"/>
  <testcase name="verifyBrowserStackConfigDefaults" time="0.000" classname="omelet.test.data.BrowserConfigurationTest"/>
  <testcase name="verifyLocalConfigDefaults" time="0.001" classname="omelet.test.data.BrowserConfigurationTest"/>
</testsuite> <!-- omelet.test.data.BrowserConfigurationTest -->
