<?xml version="1.0" encoding="UTF-8"?>
<!-- Generated by org.testng.reporters.JUnitReportReporter -->
<testsuite hostname="kapil-HP-ProBook-4440s" name="omelet.test.libraries.UtilsTest" tests="1" failures="0" timestamp="20 Jan 2015 12:01:41 GMT" time="0.056" errors="0">
  <testcase name="verifyIntegerListFromString" time="0.056" classname="omelet.test.libraries.UtilsTest"/>
</testsuite> <!-- omelet.test.libraries.UtilsTest -->
