<?xml version="1.0" encoding="UTF-8"?>
<!-- Generated by org.testng.reporters.JUnitReportReporter -->
<testsuite hostname="kapil-HP-ProBook-4440s" name="omelet.test.data.BrowserConfIsEqualTest" tests="4" failures="0" timestamp="20 Jan 2015 12:01:41 GMT" time="0.023" errors="0">
  <testcase name="remoteFlagOn_3" time="0.000" classname="omelet.test.data.BrowserConfIsEqualTest"/>
  <testcase name="remoteFlagOn_2" time="0.019" classname="omelet.test.data.BrowserConfIsEqualTest"/>
  <testcase name="remoteFlagOn" time="0.000" classname="omelet.test.data.BrowserConfIsEqualTest"/>
  <testcase name="checkBrowserConfEquality_RemoteFlagOFF" time="0.004" classname="omelet.test.data.BrowserConfIsEqualTest"/>
</testsuite> <!-- omelet.test.data.BrowserConfIsEqualTest -->
