<?xml version="1.0" encoding="UTF-8"?>
<!-- Generated by org.testng.reporters.JUnitReportReporter -->
<testsuite hostname="kapil-HP-ProBook-4440s" name="omelet.test.data.BrowserXmlParserTest" tests="3" failures="0" timestamp="14 Jan 2015 05:48:56 GMT" time="0.239" errors="0">
  <testcase name="verifyBrowserConf_singleXml" time="0.005" classname="omelet.test.data.BrowserXmlParserTest"/>
  <testcase name="verifySingleXMLMultiBrowser" time="0.010" classname="omelet.test.data.BrowserXmlParserTest"/>
  <testcase name="mutipleXml" time="0.224" classname="omelet.test.data.BrowserXmlParserTest"/>
</testsuite> <!-- omelet.test.data.BrowserXmlParserTest -->
